<?xml version="1.0" encoding="UTF-8"?>
<!-- Generated by org.testng.reporters.JUnitReportReporter -->
<testsuite hostname="DESKTOP-KJGNL7K" failures="0" tests="3" name="testNG.Example1" time="0.023" errors="0" timestamp="2025-08-22T11:26:29 IST" skipped="0">
  <testcase classname="testNG.Example1" name="regression" time="0.005"/>
  <testcase classname="testNG.Example1" name="sanity" time="0.002"/>
  <testcase classname="testNG.Example1" name="functional" time="0.016"/>
</testsuite> <!-- testNG.Example1 -->
