<?xml version="1.0" encoding="UTF-8"?>
<!-- Generated by org.testng.reporters.JUnitReportReporter -->
<testsuite hostname="DESKTOP-KJGNL7K" failures="0" tests="2" name="testNgParallelExecution.TestCaseParallelExe" time="26.910" errors="0" timestamp="2025-08-25T10:52:15 IST" skipped="0">
  <testcase classname="testNgParallelExecution.TestCaseParallelExe" name="test" time="11.485"/>
  <testcase classname="testNgParallelExecution.TestCaseParallelExe" name="test" time="15.425"/>
</testsuite> <!-- testNgParallelExecution.TestCaseParallelExe -->
