<?xml version="1.0" encoding="UTF-8"?>
<!-- Generated by org.testng.reporters.JUnitReportReporter -->
<testsuite hostname="DESKTOP-KJGNL7K" failures="0" tests="3" name="testNG.TestCase" time="17.819" errors="0" timestamp="2025-08-22T12:57:00 IST" skipped="0">
  <testcase classname="testNG.TestCase" name="fetchTitle" time="6.413"/>
  <testcase classname="testNG.TestCase" name="fetchUrl" time="5.664"/>
  <testcase classname="testNG.TestCase" name="fetchPageSource" time="5.742"/>
</testsuite> <!-- testNG.TestCase -->
